0 info it worked if it ends with ok
1 verbose cli [ '/usr/local/bin/node', '/usr/local/bin/npm', 'install' ]
2 info using npm@2.15.9
3 info using node@v4.6.0
4 verbose readDependencies loading dependencies from /Users/frankiecancino/Documents/CSCapstone/Octagon-Site/app/package.json
5 warn package.json octagon@1.0.0 No README data
6 verbose install where, deps [ '/Users/frankiecancino/Documents/CSCapstone/Octagon-Site/app',
6 verbose install   [ 'babel-core',
6 verbose install     'babel-loader',
6 verbose install     'babel-preset-es2015',
6 verbose install     'babel-preset-react',
6 verbose install     'babel-standalone',
6 verbose install     'react',
6 verbose install     'react-dom',
6 verbose install     'webpack',
6 verbose install     'ejs',
6 verbose install     'express',
6 verbose install     'css-loader',
6 verbose install     'events',
6 verbose install     'file-loader',
6 verbose install     'json-markup',
6 verbose install     'jsx-loader',
6 verbose install     'react-hot-loader',
6 verbose install     'react-router',
6 verbose install     'style-loader' ] ]
7 verbose install where, peers [ '/Users/frankiecancino/Documents/CSCapstone/Octagon-Site/app',
7 verbose install   [] ]
8 verbose installManyTop reading for lifecycle /Users/frankiecancino/Documents/CSCapstone/Octagon-Site/app/package.json
9 info preinstall octagon@1.0.0
10 verbose installManyTop reading scoped package data from /Users/frankiecancino/Documents/CSCapstone/Octagon-Site/app/node_modules/babel-core/package.json
11 verbose installManyTop reading scoped package data from /Users/frankiecancino/Documents/CSCapstone/Octagon-Site/app/node_modules/babel-loader/package.json
12 verbose installManyTop reading scoped package data from /Users/frankiecancino/Documents/CSCapstone/Octagon-Site/app/node_modules/babel-preset-es2015/package.json
13 verbose installManyTop reading scoped package data from /Users/frankiecancino/Documents/CSCapstone/Octagon-Site/app/node_modules/babel-preset-react/package.json
14 verbose installManyTop reading scoped package data from /Users/frankiecancino/Documents/CSCapstone/Octagon-Site/app/node_modules/babel-standalone/package.json
15 verbose installManyTop reading scoped package data from /Users/frankiecancino/Documents/CSCapstone/Octagon-Site/app/node_modules/bootstrap/package.json
16 verbose installManyTop reading scoped package data from /Users/frankiecancino/Documents/CSCapstone/Octagon-Site/app/node_modules/bower-webpack-plugin/package.json
17 verbose installManyTop reading scoped package data from /Users/frankiecancino/Documents/CSCapstone/Octagon-Site/app/node_modules/css-loader/package.json
18 verbose installManyTop reading scoped package data from /Users/frankiecancino/Documents/CSCapstone/Octagon-Site/app/node_modules/ejs/package.json
19 verbose installManyTop reading scoped package data from /Users/frankiecancino/Documents/CSCapstone/Octagon-Site/app/node_modules/events/package.json
20 verbose installManyTop reading scoped package data from /Users/frankiecancino/Documents/CSCapstone/Octagon-Site/app/node_modules/express/package.json
21 verbose installManyTop reading scoped package data from /Users/frankiecancino/Documents/CSCapstone/Octagon-Site/app/node_modules/extract-text-webpack-plugin/package.json
22 verbose installManyTop reading scoped package data from /Users/frankiecancino/Documents/CSCapstone/Octagon-Site/app/node_modules/file-loader/package.json
23 verbose installManyTop reading scoped package data from /Users/frankiecancino/Documents/CSCapstone/Octagon-Site/app/node_modules/history/package.json
24 verbose installManyTop reading scoped package data from /Users/frankiecancino/Documents/CSCapstone/Octagon-Site/app/node_modules/http-server/package.json
25 verbose installManyTop reading scoped package data from /Users/frankiecancino/Documents/CSCapstone/Octagon-Site/app/node_modules/jquery/package.json
26 verbose installManyTop reading scoped package data from /Users/frankiecancino/Documents/CSCapstone/Octagon-Site/app/node_modules/jquery-ui/package.json
27 verbose installManyTop reading scoped package data from /Users/frankiecancino/Documents/CSCapstone/Octagon-Site/app/node_modules/json-markup/package.json
28 verbose installManyTop reading scoped package data from /Users/frankiecancino/Documents/CSCapstone/Octagon-Site/app/node_modules/jsx-loader/package.json
29 verbose installManyTop reading scoped package data from /Users/frankiecancino/Documents/CSCapstone/Octagon-Site/app/node_modules/less/package.json
30 verbose installManyTop reading scoped package data from /Users/frankiecancino/Documents/CSCapstone/Octagon-Site/app/node_modules/less-loader/package.json
31 verbose installManyTop reading scoped package data from /Users/frankiecancino/Documents/CSCapstone/Octagon-Site/app/node_modules/lodash/package.json
32 verbose installManyTop reading scoped package data from /Users/frankiecancino/Documents/CSCapstone/Octagon-Site/app/node_modules/node-sass/package.json
33 verbose installManyTop reading scoped package data from /Users/frankiecancino/Documents/CSCapstone/Octagon-Site/app/node_modules/object-assign/package.json
34 verbose installManyTop reading scoped package data from /Users/frankiecancino/Documents/CSCapstone/Octagon-Site/app/node_modules/path/package.json
35 verbose installManyTop reading scoped package data from /Users/frankiecancino/Documents/CSCapstone/Octagon-Site/app/node_modules/react/package.json
36 verbose installManyTop reading scoped package data from /Users/frankiecancino/Documents/CSCapstone/Octagon-Site/app/node_modules/react-dom/package.json
37 verbose installManyTop reading scoped package data from /Users/frankiecancino/Documents/CSCapstone/Octagon-Site/app/node_modules/react-hot-loader/package.json
38 verbose installManyTop reading scoped package data from /Users/frankiecancino/Documents/CSCapstone/Octagon-Site/app/node_modules/react-router/package.json
39 verbose installManyTop reading scoped package data from /Users/frankiecancino/Documents/CSCapstone/Octagon-Site/app/node_modules/sass-loader/package.json
40 verbose installManyTop reading scoped package data from /Users/frankiecancino/Documents/CSCapstone/Octagon-Site/app/node_modules/style-loader/package.json
41 verbose installManyTop reading scoped package data from /Users/frankiecancino/Documents/CSCapstone/Octagon-Site/app/node_modules/svg-sprite-loader/package.json
42 verbose installManyTop reading scoped package data from /Users/frankiecancino/Documents/CSCapstone/Octagon-Site/app/node_modules/url-loader/package.json
43 verbose installManyTop reading scoped package data from /Users/frankiecancino/Documents/CSCapstone/Octagon-Site/app/node_modules/webpack/package.json
44 verbose installManyTop reading scoped package data from /Users/frankiecancino/Documents/CSCapstone/Octagon-Site/app/node_modules/webpack-dev-server/package.json
45 info package.json events@1.1.1 events is also the name of a node core module.
46 info package.json jsx-loader@0.13.2 license should be a valid SPDX license expression
47 info package.json less-loader@2.2.3 No license field.
48 info package.json path@0.12.7 path is also the name of a node core module.
49 verbose readDependencies loading dependencies from /Users/frankiecancino/Documents/CSCapstone/Octagon-Site/app/package.json
50 verbose targetResolver reading package data from /Users/frankiecancino/Documents/CSCapstone/Octagon-Site/app/node_modules/babel-core/package.json
51 verbose targetResolver reading package data from /Users/frankiecancino/Documents/CSCapstone/Octagon-Site/app/node_modules/babel-loader/package.json
52 verbose targetResolver reading package data from /Users/frankiecancino/Documents/CSCapstone/Octagon-Site/app/node_modules/babel-preset-es2015/package.json
53 verbose targetResolver reading package data from /Users/frankiecancino/Documents/CSCapstone/Octagon-Site/app/node_modules/babel-preset-react/package.json
54 verbose targetResolver reading package data from /Users/frankiecancino/Documents/CSCapstone/Octagon-Site/app/node_modules/babel-standalone/package.json
55 verbose targetResolver reading package data from /Users/frankiecancino/Documents/CSCapstone/Octagon-Site/app/node_modules/bootstrap/package.json
56 verbose targetResolver reading package data from /Users/frankiecancino/Documents/CSCapstone/Octagon-Site/app/node_modules/bower-webpack-plugin/package.json
57 verbose targetResolver reading package data from /Users/frankiecancino/Documents/CSCapstone/Octagon-Site/app/node_modules/css-loader/package.json
58 verbose targetResolver reading package data from /Users/frankiecancino/Documents/CSCapstone/Octagon-Site/app/node_modules/ejs/package.json
59 verbose targetResolver reading package data from /Users/frankiecancino/Documents/CSCapstone/Octagon-Site/app/node_modules/events/package.json
60 verbose targetResolver reading package data from /Users/frankiecancino/Documents/CSCapstone/Octagon-Site/app/node_modules/express/package.json
61 verbose targetResolver reading package data from /Users/frankiecancino/Documents/CSCapstone/Octagon-Site/app/node_modules/extract-text-webpack-plugin/package.json
62 verbose targetResolver reading package data from /Users/frankiecancino/Documents/CSCapstone/Octagon-Site/app/node_modules/file-loader/package.json
63 verbose targetResolver reading package data from /Users/frankiecancino/Documents/CSCapstone/Octagon-Site/app/node_modules/history/package.json
64 verbose targetResolver reading package data from /Users/frankiecancino/Documents/CSCapstone/Octagon-Site/app/node_modules/http-server/package.json
65 verbose targetResolver reading package data from /Users/frankiecancino/Documents/CSCapstone/Octagon-Site/app/node_modules/jquery/package.json
66 verbose targetResolver reading package data from /Users/frankiecancino/Documents/CSCapstone/Octagon-Site/app/node_modules/jquery-ui/package.json
67 verbose targetResolver reading package data from /Users/frankiecancino/Documents/CSCapstone/Octagon-Site/app/node_modules/json-markup/package.json
68 verbose targetResolver reading package data from /Users/frankiecancino/Documents/CSCapstone/Octagon-Site/app/node_modules/jsx-loader/package.json
69 verbose targetResolver reading package data from /Users/frankiecancino/Documents/CSCapstone/Octagon-Site/app/node_modules/less/package.json
70 verbose targetResolver reading package data from /Users/frankiecancino/Documents/CSCapstone/Octagon-Site/app/node_modules/less-loader/package.json
71 verbose targetResolver reading package data from /Users/frankiecancino/Documents/CSCapstone/Octagon-Site/app/node_modules/lodash/package.json
72 verbose targetResolver reading package data from /Users/frankiecancino/Documents/CSCapstone/Octagon-Site/app/node_modules/node-sass/package.json
73 verbose targetResolver reading package data from /Users/frankiecancino/Documents/CSCapstone/Octagon-Site/app/node_modules/object-assign/package.json
74 verbose targetResolver reading package data from /Users/frankiecancino/Documents/CSCapstone/Octagon-Site/app/node_modules/path/package.json
75 verbose targetResolver reading package data from /Users/frankiecancino/Documents/CSCapstone/Octagon-Site/app/node_modules/react/package.json
76 verbose targetResolver reading package data from /Users/frankiecancino/Documents/CSCapstone/Octagon-Site/app/node_modules/react-dom/package.json
77 verbose targetResolver reading package data from /Users/frankiecancino/Documents/CSCapstone/Octagon-Site/app/node_modules/react-hot-loader/package.json
78 verbose targetResolver reading package data from /Users/frankiecancino/Documents/CSCapstone/Octagon-Site/app/node_modules/react-router/package.json
79 verbose targetResolver reading package data from /Users/frankiecancino/Documents/CSCapstone/Octagon-Site/app/node_modules/sass-loader/package.json
80 verbose targetResolver reading package data from /Users/frankiecancino/Documents/CSCapstone/Octagon-Site/app/node_modules/style-loader/package.json
81 verbose targetResolver reading package data from /Users/frankiecancino/Documents/CSCapstone/Octagon-Site/app/node_modules/svg-sprite-loader/package.json
82 verbose targetResolver reading package data from /Users/frankiecancino/Documents/CSCapstone/Octagon-Site/app/node_modules/url-loader/package.json
83 verbose targetResolver reading package data from /Users/frankiecancino/Documents/CSCapstone/Octagon-Site/app/node_modules/webpack/package.json
84 verbose targetResolver reading package data from /Users/frankiecancino/Documents/CSCapstone/Octagon-Site/app/node_modules/webpack-dev-server/package.json
85 verbose targetResolver reading package data from /Users/frankiecancino/Documents/CSCapstone/Octagon-Site/app/node_modules/.bin/hs/package.json
86 verbose targetResolver reading package data from /Users/frankiecancino/Documents/CSCapstone/Octagon-Site/app/node_modules/.bin/http-server/package.json
87 verbose targetResolver reading package data from /Users/frankiecancino/Documents/CSCapstone/Octagon-Site/app/node_modules/.bin/lessc/package.json
88 verbose targetResolver reading package data from /Users/frankiecancino/Documents/CSCapstone/Octagon-Site/app/node_modules/.bin/node-sass/package.json
89 verbose targetResolver reading package data from /Users/frankiecancino/Documents/CSCapstone/Octagon-Site/app/node_modules/.bin/webpack/package.json
90 verbose targetResolver reading package data from /Users/frankiecancino/Documents/CSCapstone/Octagon-Site/app/node_modules/.bin/webpack-dev-server/package.json
91 verbose already installed skipping express@4.13.3 /Users/frankiecancino/Documents/CSCapstone/Octagon-Site/app
92 verbose already installed skipping css-loader@^0.21.0 /Users/frankiecancino/Documents/CSCapstone/Octagon-Site/app
93 verbose already installed skipping events@^1.1.0 /Users/frankiecancino/Documents/CSCapstone/Octagon-Site/app
94 verbose already installed skipping file-loader@^0.8.4 /Users/frankiecancino/Documents/CSCapstone/Octagon-Site/app
95 verbose already installed skipping json-markup@^0.1.6 /Users/frankiecancino/Documents/CSCapstone/Octagon-Site/app
96 verbose already installed skipping jsx-loader@^0.13.2 /Users/frankiecancino/Documents/CSCapstone/Octagon-Site/app
97 verbose already installed skipping react-hot-loader@^1.3.0 /Users/frankiecancino/Documents/CSCapstone/Octagon-Site/app
98 verbose already installed skipping react-router@^1.0.0-rc4 /Users/frankiecancino/Documents/CSCapstone/Octagon-Site/app
99 verbose already installed skipping style-loader@^0.13.0 /Users/frankiecancino/Documents/CSCapstone/Octagon-Site/app
100 verbose already installed skipping babel-core@^6.24.0 /Users/frankiecancino/Documents/CSCapstone/Octagon-Site/app
101 verbose already installed skipping babel-loader@^6.4.0 /Users/frankiecancino/Documents/CSCapstone/Octagon-Site/app
102 verbose already installed skipping babel-preset-es2015@^6.24.0 /Users/frankiecancino/Documents/CSCapstone/Octagon-Site/app
103 verbose already installed skipping babel-preset-react@^6.23.0 /Users/frankiecancino/Documents/CSCapstone/Octagon-Site/app
104 verbose already installed skipping babel-standalone@^6.23.1 /Users/frankiecancino/Documents/CSCapstone/Octagon-Site/app
105 verbose already installed skipping react@^15.4.2 /Users/frankiecancino/Documents/CSCapstone/Octagon-Site/app
106 verbose already installed skipping react-dom@^15.4.2 /Users/frankiecancino/Documents/CSCapstone/Octagon-Site/app
107 verbose already installed skipping webpack@^2.2.1 /Users/frankiecancino/Documents/CSCapstone/Octagon-Site/app
108 verbose already installed skipping ejs@2.4.1 /Users/frankiecancino/Documents/CSCapstone/Octagon-Site/app
109 silly install resolved []
110 info build /Users/frankiecancino/Documents/CSCapstone/Octagon-Site/app
111 info linkStuff octagon@1.0.0
112 silly linkStuff octagon@1.0.0 has /Users/frankiecancino/Documents/CSCapstone/Octagon-Site as its parent node_modules
113 verbose linkBins octagon@1.0.0
114 verbose linkMans octagon@1.0.0
115 verbose rebuildBundles octagon@1.0.0
116 verbose rebuildBundles [ '.bin',
116 verbose rebuildBundles   'babel-core',
116 verbose rebuildBundles   'babel-loader',
116 verbose rebuildBundles   'babel-preset-es2015',
116 verbose rebuildBundles   'babel-preset-react',
116 verbose rebuildBundles   'babel-standalone',
116 verbose rebuildBundles   'bootstrap',
116 verbose rebuildBundles   'bower-webpack-plugin',
116 verbose rebuildBundles   'css-loader',
116 verbose rebuildBundles   'ejs',
116 verbose rebuildBundles   'events',
116 verbose rebuildBundles   'express',
116 verbose rebuildBundles   'extract-text-webpack-plugin',
116 verbose rebuildBundles   'file-loader',
116 verbose rebuildBundles   'history',
116 verbose rebuildBundles   'http-server',
116 verbose rebuildBundles   'jquery',
116 verbose rebuildBundles   'jquery-ui',
116 verbose rebuildBundles   'json-markup',
116 verbose rebuildBundles   'jsx-loader',
116 verbose rebuildBundles   'less',
116 verbose rebuildBundles   'less-loader',
116 verbose rebuildBundles   'lodash',
116 verbose rebuildBundles   'node-sass',
116 verbose rebuildBundles   'object-assign',
116 verbose rebuildBundles   'path',
116 verbose rebuildBundles   'react',
116 verbose rebuildBundles   'react-dom',
116 verbose rebuildBundles   'react-hot-loader',
116 verbose rebuildBundles   'react-router',
116 verbose rebuildBundles   'sass-loader',
116 verbose rebuildBundles   'style-loader',
116 verbose rebuildBundles   'svg-sprite-loader',
116 verbose rebuildBundles   'url-loader',
116 verbose rebuildBundles   'webpack',
116 verbose rebuildBundles   'webpack-dev-server' ]
117 verbose rebuild bundle /Users/frankiecancino/Documents/CSCapstone/Octagon-Site/app/node_modules/bootstrap
118 info build /Users/frankiecancino/Documents/CSCapstone/Octagon-Site/app/node_modules/bootstrap
119 info preinstall bootstrap@3.3.7
120 info linkStuff bootstrap@3.3.7
121 silly linkStuff bootstrap@3.3.7 has /Users/frankiecancino/Documents/CSCapstone/Octagon-Site/app/node_modules as its parent node_modules
122 verbose linkBins bootstrap@3.3.7
123 verbose linkMans bootstrap@3.3.7
124 verbose rebuildBundles bootstrap@3.3.7
125 info install bootstrap@3.3.7
126 info postinstall bootstrap@3.3.7
127 verbose rebuild bundle /Users/frankiecancino/Documents/CSCapstone/Octagon-Site/app/node_modules/bower-webpack-plugin
128 info build /Users/frankiecancino/Documents/CSCapstone/Octagon-Site/app/node_modules/bower-webpack-plugin
129 info preinstall bower-webpack-plugin@0.1.9
130 info linkStuff bower-webpack-plugin@0.1.9
131 silly linkStuff bower-webpack-plugin@0.1.9 has /Users/frankiecancino/Documents/CSCapstone/Octagon-Site/app/node_modules as its parent node_modules
132 verbose linkBins bower-webpack-plugin@0.1.9
133 verbose linkMans bower-webpack-plugin@0.1.9
134 verbose rebuildBundles bower-webpack-plugin@0.1.9
135 verbose rebuildBundles [ 'loader-utils', 'q' ]
136 info install bower-webpack-plugin@0.1.9
137 info postinstall bower-webpack-plugin@0.1.9
138 verbose rebuild bundle /Users/frankiecancino/Documents/CSCapstone/Octagon-Site/app/node_modules/extract-text-webpack-plugin
139 info build /Users/frankiecancino/Documents/CSCapstone/Octagon-Site/app/node_modules/extract-text-webpack-plugin
140 info preinstall extract-text-webpack-plugin@0.9.1
141 info linkStuff extract-text-webpack-plugin@0.9.1
142 silly linkStuff extract-text-webpack-plugin@0.9.1 has /Users/frankiecancino/Documents/CSCapstone/Octagon-Site/app/node_modules as its parent node_modules
143 verbose linkBins extract-text-webpack-plugin@0.9.1
144 verbose linkMans extract-text-webpack-plugin@0.9.1
145 verbose rebuildBundles extract-text-webpack-plugin@0.9.1
146 verbose rebuildBundles [ 'async', 'loader-utils' ]
147 info install extract-text-webpack-plugin@0.9.1
148 info postinstall extract-text-webpack-plugin@0.9.1
149 verbose rebuild bundle /Users/frankiecancino/Documents/CSCapstone/Octagon-Site/app/node_modules/history
150 info build /Users/frankiecancino/Documents/CSCapstone/Octagon-Site/app/node_modules/history
151 info preinstall history@1.17.0
152 info linkStuff history@1.17.0
153 silly linkStuff history@1.17.0 has /Users/frankiecancino/Documents/CSCapstone/Octagon-Site/app/node_modules as its parent node_modules
154 verbose linkBins history@1.17.0
155 verbose linkMans history@1.17.0
156 verbose rebuildBundles history@1.17.0
157 verbose rebuildBundles [ 'deep-equal', 'invariant', 'query-string', 'warning' ]
158 info install history@1.17.0
159 info postinstall history@1.17.0
160 verbose unsafe-perm in lifecycle true
161 verbose rebuild bundle /Users/frankiecancino/Documents/CSCapstone/Octagon-Site/app/node_modules/http-server
162 info build /Users/frankiecancino/Documents/CSCapstone/Octagon-Site/app/node_modules/http-server
163 info preinstall http-server@0.8.5
164 info linkStuff http-server@0.8.5
165 silly linkStuff http-server@0.8.5 has /Users/frankiecancino/Documents/CSCapstone/Octagon-Site/app/node_modules as its parent node_modules
166 warn prefer global http-server@0.8.5 should be installed with -g
167 verbose linkBins http-server@0.8.5
168 verbose link bins [ { 'http-server': './bin/http-server', hs: './bin/http-server' },
168 verbose link bins   '/Users/frankiecancino/Documents/CSCapstone/Octagon-Site/app/node_modules/.bin',
168 verbose link bins   false ]
169 verbose linkMans http-server@0.8.5
170 verbose rebuildBundles http-server@0.8.5
171 verbose rebuildBundles [ '.bin',
171 verbose rebuildBundles   'colors',
171 verbose rebuildBundles   'corser',
171 verbose rebuildBundles   'ecstatic',
171 verbose rebuildBundles   'http-proxy',
171 verbose rebuildBundles   'opener',
171 verbose rebuildBundles   'optimist',
171 verbose rebuildBundles   'portfinder',
171 verbose rebuildBundles   'union' ]
172 silly gentlyRm /Users/frankiecancino/Documents/CSCapstone/Octagon-Site/app/node_modules/.bin/http-server is being purged
173 verbose gentlyRm don't care about contents; nuking /Users/frankiecancino/Documents/CSCapstone/Octagon-Site/app/node_modules/.bin/http-server
174 silly gentlyRm /Users/frankiecancino/Documents/CSCapstone/Octagon-Site/app/node_modules/.bin/hs is being purged
175 verbose gentlyRm don't care about contents; nuking /Users/frankiecancino/Documents/CSCapstone/Octagon-Site/app/node_modules/.bin/hs
176 silly vacuum-fs purging /Users/frankiecancino/Documents/CSCapstone/Octagon-Site/app/node_modules/.bin/http-server
177 silly vacuum-fs purging /Users/frankiecancino/Documents/CSCapstone/Octagon-Site/app/node_modules/.bin/hs
178 silly vacuum-fs quitting because other entries in /Users/frankiecancino/Documents/CSCapstone/Octagon-Site/app/node_modules/.bin
179 silly vacuum-fs quitting because other entries in /Users/frankiecancino/Documents/CSCapstone/Octagon-Site/app/node_modules/.bin
180 info install http-server@0.8.5
181 info postinstall http-server@0.8.5
182 verbose rebuild bundle /Users/frankiecancino/Documents/CSCapstone/Octagon-Site/app/node_modules/jquery
183 info build /Users/frankiecancino/Documents/CSCapstone/Octagon-Site/app/node_modules/jquery
184 info preinstall jquery@2.2.4
185 info linkStuff jquery@2.2.4
186 silly linkStuff jquery@2.2.4 has /Users/frankiecancino/Documents/CSCapstone/Octagon-Site/app/node_modules as its parent node_modules
187 verbose linkBins jquery@2.2.4
188 verbose linkMans jquery@2.2.4
189 verbose rebuildBundles jquery@2.2.4
190 info install jquery@2.2.4
191 info postinstall jquery@2.2.4
192 verbose rebuild bundle /Users/frankiecancino/Documents/CSCapstone/Octagon-Site/app/node_modules/jquery-ui
193 info build /Users/frankiecancino/Documents/CSCapstone/Octagon-Site/app/node_modules/jquery-ui
194 info preinstall jquery-ui@1.12.1
195 info linkStuff jquery-ui@1.12.1
196 silly linkStuff jquery-ui@1.12.1 has /Users/frankiecancino/Documents/CSCapstone/Octagon-Site/app/node_modules as its parent node_modules
197 verbose linkBins jquery-ui@1.12.1
198 verbose linkMans jquery-ui@1.12.1
199 verbose rebuildBundles jquery-ui@1.12.1
200 info install jquery-ui@1.12.1
201 info postinstall jquery-ui@1.12.1
202 verbose rebuild bundle /Users/frankiecancino/Documents/CSCapstone/Octagon-Site/app/node_modules/less
203 info build /Users/frankiecancino/Documents/CSCapstone/Octagon-Site/app/node_modules/less
204 info preinstall less@2.7.2
205 info linkStuff less@2.7.2
206 silly linkStuff less@2.7.2 has /Users/frankiecancino/Documents/CSCapstone/Octagon-Site/app/node_modules as its parent node_modules
207 verbose linkBins less@2.7.2
208 verbose link bins [ { lessc: './bin/lessc' },
208 verbose link bins   '/Users/frankiecancino/Documents/CSCapstone/Octagon-Site/app/node_modules/.bin',
208 verbose link bins   false ]
209 verbose linkMans less@2.7.2
210 verbose rebuildBundles less@2.7.2
211 verbose rebuildBundles [ '.bin',
211 verbose rebuildBundles   'errno',
211 verbose rebuildBundles   'graceful-fs',
211 verbose rebuildBundles   'image-size',
211 verbose rebuildBundles   'mime',
211 verbose rebuildBundles   'mkdirp',
211 verbose rebuildBundles   'promise',
211 verbose rebuildBundles   'request',
211 verbose rebuildBundles   'source-map' ]
212 silly gentlyRm /Users/frankiecancino/Documents/CSCapstone/Octagon-Site/app/node_modules/.bin/lessc is being purged
213 verbose gentlyRm don't care about contents; nuking /Users/frankiecancino/Documents/CSCapstone/Octagon-Site/app/node_modules/.bin/lessc
214 silly vacuum-fs purging /Users/frankiecancino/Documents/CSCapstone/Octagon-Site/app/node_modules/.bin/lessc
215 silly vacuum-fs quitting because other entries in /Users/frankiecancino/Documents/CSCapstone/Octagon-Site/app/node_modules/.bin
216 info install less@2.7.2
217 info postinstall less@2.7.2
218 verbose rebuild bundle /Users/frankiecancino/Documents/CSCapstone/Octagon-Site/app/node_modules/less-loader
219 info build /Users/frankiecancino/Documents/CSCapstone/Octagon-Site/app/node_modules/less-loader
220 info preinstall less-loader@2.2.3
221 info linkStuff less-loader@2.2.3
222 silly linkStuff less-loader@2.2.3 has /Users/frankiecancino/Documents/CSCapstone/Octagon-Site/app/node_modules as its parent node_modules
223 verbose linkBins less-loader@2.2.3
224 verbose linkMans less-loader@2.2.3
225 verbose rebuildBundles less-loader@2.2.3
226 verbose rebuildBundles [ 'loader-utils' ]
227 info install less-loader@2.2.3
228 info postinstall less-loader@2.2.3
229 verbose rebuild bundle /Users/frankiecancino/Documents/CSCapstone/Octagon-Site/app/node_modules/lodash
230 info build /Users/frankiecancino/Documents/CSCapstone/Octagon-Site/app/node_modules/lodash
231 info preinstall lodash@3.10.1
232 info linkStuff lodash@3.10.1
233 silly linkStuff lodash@3.10.1 has /Users/frankiecancino/Documents/CSCapstone/Octagon-Site/app/node_modules as its parent node_modules
234 verbose linkBins lodash@3.10.1
235 verbose linkMans lodash@3.10.1
236 verbose rebuildBundles lodash@3.10.1
237 info install lodash@3.10.1
238 info postinstall lodash@3.10.1
239 verbose rebuild bundle /Users/frankiecancino/Documents/CSCapstone/Octagon-Site/app/node_modules/node-sass
240 info build /Users/frankiecancino/Documents/CSCapstone/Octagon-Site/app/node_modules/node-sass
241 info preinstall node-sass@3.13.1
242 info linkStuff node-sass@3.13.1
243 silly linkStuff node-sass@3.13.1 has /Users/frankiecancino/Documents/CSCapstone/Octagon-Site/app/node_modules as its parent node_modules
244 verbose linkBins node-sass@3.13.1
245 verbose link bins [ { 'node-sass': 'bin/node-sass' },
245 verbose link bins   '/Users/frankiecancino/Documents/CSCapstone/Octagon-Site/app/node_modules/.bin',
245 verbose link bins   false ]
246 verbose linkMans node-sass@3.13.1
247 verbose rebuildBundles node-sass@3.13.1
248 verbose rebuildBundles [ '.bin',
248 verbose rebuildBundles   'async-foreach',
248 verbose rebuildBundles   'chalk',
248 verbose rebuildBundles   'cross-spawn',
248 verbose rebuildBundles   'gaze',
248 verbose rebuildBundles   'get-stdin',
248 verbose rebuildBundles   'glob',
248 verbose rebuildBundles   'in-publish',
248 verbose rebuildBundles   'lodash.assign',
248 verbose rebuildBundles   'lodash.clonedeep',
248 verbose rebuildBundles   'meow',
248 verbose rebuildBundles   'mkdirp',
248 verbose rebuildBundles   'nan',
248 verbose rebuildBundles   'node-gyp',
248 verbose rebuildBundles   'npmlog',
248 verbose rebuildBundles   'request',
248 verbose rebuildBundles   'sass-graph' ]
249 silly gentlyRm /Users/frankiecancino/Documents/CSCapstone/Octagon-Site/app/node_modules/.bin/node-sass is being purged
250 verbose gentlyRm don't care about contents; nuking /Users/frankiecancino/Documents/CSCapstone/Octagon-Site/app/node_modules/.bin/node-sass
251 silly vacuum-fs purging /Users/frankiecancino/Documents/CSCapstone/Octagon-Site/app/node_modules/.bin/node-sass
252 silly vacuum-fs quitting because other entries in /Users/frankiecancino/Documents/CSCapstone/Octagon-Site/app/node_modules/.bin
253 info install node-sass@3.13.1
254 verbose unsafe-perm in lifecycle true
255 info postinstall node-sass@3.13.1
256 verbose unsafe-perm in lifecycle true
257 verbose rebuild bundle /Users/frankiecancino/Documents/CSCapstone/Octagon-Site/app/node_modules/object-assign
258 info build /Users/frankiecancino/Documents/CSCapstone/Octagon-Site/app/node_modules/object-assign
259 info preinstall object-assign@4.1.1
260 info linkStuff object-assign@4.1.1
261 silly linkStuff object-assign@4.1.1 has /Users/frankiecancino/Documents/CSCapstone/Octagon-Site/app/node_modules as its parent node_modules
262 verbose linkBins object-assign@4.1.1
263 verbose linkMans object-assign@4.1.1
264 verbose rebuildBundles object-assign@4.1.1
265 info install object-assign@4.1.1
266 info postinstall object-assign@4.1.1
267 verbose rebuild bundle /Users/frankiecancino/Documents/CSCapstone/Octagon-Site/app/node_modules/path
268 info build /Users/frankiecancino/Documents/CSCapstone/Octagon-Site/app/node_modules/path
269 info preinstall path@0.12.7
270 info linkStuff path@0.12.7
271 silly linkStuff path@0.12.7 has /Users/frankiecancino/Documents/CSCapstone/Octagon-Site/app/node_modules as its parent node_modules
272 verbose linkBins path@0.12.7
273 verbose linkMans path@0.12.7
274 verbose rebuildBundles path@0.12.7
275 verbose rebuildBundles [ 'process', 'util' ]
276 info install path@0.12.7
277 info postinstall path@0.12.7
278 verbose rebuild bundle /Users/frankiecancino/Documents/CSCapstone/Octagon-Site/app/node_modules/sass-loader
279 info build /Users/frankiecancino/Documents/CSCapstone/Octagon-Site/app/node_modules/sass-loader
280 info preinstall sass-loader@3.2.3
281 info linkStuff sass-loader@3.2.3
282 silly linkStuff sass-loader@3.2.3 has /Users/frankiecancino/Documents/CSCapstone/Octagon-Site/app/node_modules as its parent node_modules
283 verbose linkBins sass-loader@3.2.3
284 verbose linkMans sass-loader@3.2.3
285 verbose rebuildBundles sass-loader@3.2.3
286 verbose rebuildBundles [ 'async', 'loader-utils' ]
287 info install sass-loader@3.2.3
288 info postinstall sass-loader@3.2.3
289 verbose rebuild bundle /Users/frankiecancino/Documents/CSCapstone/Octagon-Site/app/node_modules/svg-sprite-loader
290 info build /Users/frankiecancino/Documents/CSCapstone/Octagon-Site/app/node_modules/svg-sprite-loader
291 info preinstall svg-sprite-loader@0.0.11
292 info linkStuff svg-sprite-loader@0.0.11
293 silly linkStuff svg-sprite-loader@0.0.11 has /Users/frankiecancino/Documents/CSCapstone/Octagon-Site/app/node_modules as its parent node_modules
294 verbose linkBins svg-sprite-loader@0.0.11
295 verbose linkMans svg-sprite-loader@0.0.11
296 verbose rebuildBundles svg-sprite-loader@0.0.11
297 verbose rebuildBundles [ '.bin', 'cheerio', 'extend', 'image-size', 'loader-utils' ]
298 info install svg-sprite-loader@0.0.11
299 info postinstall svg-sprite-loader@0.0.11
300 verbose rebuild bundle /Users/frankiecancino/Documents/CSCapstone/Octagon-Site/app/node_modules/url-loader
301 info build /Users/frankiecancino/Documents/CSCapstone/Octagon-Site/app/node_modules/url-loader
302 info preinstall url-loader@0.5.8
303 info linkStuff url-loader@0.5.8
304 silly linkStuff url-loader@0.5.8 has /Users/frankiecancino/Documents/CSCapstone/Octagon-Site/app/node_modules as its parent node_modules
305 verbose linkBins url-loader@0.5.8
306 verbose linkMans url-loader@0.5.8
307 verbose rebuildBundles url-loader@0.5.8
308 verbose rebuildBundles [ '.bin', 'loader-utils', 'mime' ]
309 info install url-loader@0.5.8
310 info postinstall url-loader@0.5.8
311 verbose rebuild bundle /Users/frankiecancino/Documents/CSCapstone/Octagon-Site/app/node_modules/webpack-dev-server
312 info build /Users/frankiecancino/Documents/CSCapstone/Octagon-Site/app/node_modules/webpack-dev-server
313 info preinstall webpack-dev-server@1.16.3
314 info linkStuff webpack-dev-server@1.16.3
315 silly linkStuff webpack-dev-server@1.16.3 has /Users/frankiecancino/Documents/CSCapstone/Octagon-Site/app/node_modules as its parent node_modules
316 verbose linkBins webpack-dev-server@1.16.3
317 verbose link bins [ { 'webpack-dev-server': 'bin/webpack-dev-server.js' },
317 verbose link bins   '/Users/frankiecancino/Documents/CSCapstone/Octagon-Site/app/node_modules/.bin',
317 verbose link bins   false ]
318 verbose linkMans webpack-dev-server@1.16.3
319 verbose rebuildBundles webpack-dev-server@1.16.3
320 verbose rebuildBundles [ 'compression',
320 verbose rebuildBundles   'connect-history-api-fallback',
320 verbose rebuildBundles   'http-proxy-middleware',
320 verbose rebuildBundles   'open',
320 verbose rebuildBundles   'optimist',
320 verbose rebuildBundles   'serve-index',
320 verbose rebuildBundles   'sockjs',
320 verbose rebuildBundles   'sockjs-client',
320 verbose rebuildBundles   'stream-cache',
320 verbose rebuildBundles   'strip-ansi',
320 verbose rebuildBundles   'supports-color',
320 verbose rebuildBundles   'webpack-dev-middleware' ]
321 silly gentlyRm /Users/frankiecancino/Documents/CSCapstone/Octagon-Site/app/node_modules/.bin/webpack-dev-server is being purged
322 verbose gentlyRm don't care about contents; nuking /Users/frankiecancino/Documents/CSCapstone/Octagon-Site/app/node_modules/.bin/webpack-dev-server
323 silly vacuum-fs purging /Users/frankiecancino/Documents/CSCapstone/Octagon-Site/app/node_modules/.bin/webpack-dev-server
324 silly vacuum-fs quitting because other entries in /Users/frankiecancino/Documents/CSCapstone/Octagon-Site/app/node_modules/.bin
325 info install webpack-dev-server@1.16.3
326 info postinstall webpack-dev-server@1.16.3
327 info install octagon@1.0.0
328 info postinstall octagon@1.0.0
329 verbose unsafe-perm in lifecycle true
330 info prepublish octagon@1.0.0
331 verbose validateInstall loading /Users/frankiecancino/Documents/CSCapstone/Octagon-Site/app/package.json for validation
332 verbose stack Error: The package webpack@2.2.1 does not satisfy its siblings' peerDependencies requirements!
332 verbose stack     at /usr/local/lib/node_modules/npm/lib/install.js:125:32
332 verbose stack     at /usr/local/lib/node_modules/npm/lib/install.js:268:7
332 verbose stack     at /usr/local/lib/node_modules/npm/node_modules/read-installed/read-installed.js:142:5
332 verbose stack     at /usr/local/lib/node_modules/npm/node_modules/read-installed/read-installed.js:263:14
332 verbose stack     at cb (/usr/local/lib/node_modules/npm/node_modules/slide/lib/async-map.js:47:24)
332 verbose stack     at /usr/local/lib/node_modules/npm/node_modules/read-installed/read-installed.js:263:14
332 verbose stack     at cb (/usr/local/lib/node_modules/npm/node_modules/slide/lib/async-map.js:47:24)
332 verbose stack     at /usr/local/lib/node_modules/npm/node_modules/read-installed/read-installed.js:263:14
332 verbose stack     at cb (/usr/local/lib/node_modules/npm/node_modules/slide/lib/async-map.js:47:24)
332 verbose stack     at /usr/local/lib/node_modules/npm/node_modules/read-installed/read-installed.js:263:14
333 verbose cwd /Users/frankiecancino/Documents/CSCapstone/Octagon-Site/app
334 error Darwin 16.5.0
335 error argv "/usr/local/bin/node" "/usr/local/bin/npm" "install"
336 error node v4.6.0
337 error npm  v2.15.9
338 error code EPEERINVALID
339 error peerinvalid The package webpack@2.2.1 does not satisfy its siblings' peerDependencies requirements!
339 error peerinvalid Peer babel-loader@6.4.1 wants webpack@1 || 2 || ^2.1.0-beta || ^2.2.0-rc
339 error peerinvalid Peer bower-webpack-plugin@0.1.9 wants webpack@>=1.4.0
339 error peerinvalid Peer extract-text-webpack-plugin@0.9.1 wants webpack@^1.9.11
339 error peerinvalid Peer sass-loader@3.2.3 wants webpack@^1.12.6 || ^2.1.0-beta
339 error peerinvalid Peer webpack-dev-server@1.16.3 wants webpack@>=1.3.0 <3
340 verbose exit [ 1, true ]
